<?xml version="1.0" encoding='ISO-8859-1' standalone='yes' ?>
<TestRun>
  <SuccessfulTests>
    <Test id="1">
      <Name>DelegateCommandTest::testDelegateCommandExecute</Name>
    </Test>
    <Test id="2">
      <Name>DelegateCommandTest::testRegisterDelegateCommand</Name>
    </Test>
  </SuccessfulTests>
  <Statistics>
    <Tests>2</Tests>
    <FailuresTotal>0</FailuresTotal>
    <Errors>0</Errors>
    <Failures>0</Failures>
  </Statistics>
</TestRun>
